[0.326s] Invoking command in '/root/ros2_ws/src/hw1': PYTHONPATH=/root/ros2_ws/build/hw1/prefix_override:/root/ros2_ws/install/hw1/lib/python3.10/site-packages:${PYTHONPATH} /usr/bin/python3 setup.py egg_info --egg-base ../../build/hw1 build --build-base /root/ros2_ws/build/hw1/build install --record /root/ros2_ws/build/hw1/install.log --single-version-externally-managed
[0.451s] running egg_info
[0.452s] writing ../../build/hw1/hw1.egg-info/PKG-INFO
[0.452s] writing dependency_links to ../../build/hw1/hw1.egg-info/dependency_links.txt
[0.452s] writing entry points to ../../build/hw1/hw1.egg-info/entry_points.txt
[0.452s] writing requirements to ../../build/hw1/hw1.egg-info/requires.txt
[0.452s] writing top-level names to ../../build/hw1/hw1.egg-info/top_level.txt
[0.453s] reading manifest file '../../build/hw1/hw1.egg-info/SOURCES.txt'
[0.453s] writing manifest file '../../build/hw1/hw1.egg-info/SOURCES.txt'
[0.453s] running build
[0.453s] running build_py
[0.454s] copying hw1/publisher_name.py -> /root/ros2_ws/build/hw1/build/lib/hw1
[0.454s] copying hw1/draw_circle.py -> /root/ros2_ws/build/hw1/build/lib/hw1
[0.454s] running install
[0.454s] running install_lib
[0.454s] copying /root/ros2_ws/build/hw1/build/lib/hw1/publisher_name.py -> /root/ros2_ws/install/hw1/lib/python3.10/site-packages/hw1
[0.454s] copying /root/ros2_ws/build/hw1/build/lib/hw1/draw_circle.py -> /root/ros2_ws/install/hw1/lib/python3.10/site-packages/hw1
[0.455s] byte-compiling /root/ros2_ws/install/hw1/lib/python3.10/site-packages/hw1/publisher_name.py to publisher_name.cpython-310.pyc
[0.455s] byte-compiling /root/ros2_ws/install/hw1/lib/python3.10/site-packages/hw1/draw_circle.py to draw_circle.cpython-310.pyc
[0.455s] running install_data
[0.455s] copying package.xml -> /root/ros2_ws/install/hw1/share/hw1
[0.456s] running install_egg_info
[0.456s] removing '/root/ros2_ws/install/hw1/lib/python3.10/site-packages/hw1-0.0.0-py3.10.egg-info' (and everything under it)
[0.456s] Copying ../../build/hw1/hw1.egg-info to /root/ros2_ws/install/hw1/lib/python3.10/site-packages/hw1-0.0.0-py3.10.egg-info
[0.457s] running install_scripts
[0.468s] Installing parta_circle script to /root/ros2_ws/install/hw1/lib/hw1
[0.468s] Installing partb_listener script to /root/ros2_ws/install/hw1/lib/hw1
[0.469s] Installing partb_talker script to /root/ros2_ws/install/hw1/lib/hw1
[0.469s] Installing partc_pub_count script to /root/ros2_ws/install/hw1/lib/hw1
[0.469s] Installing partc_pub_name script to /root/ros2_ws/install/hw1/lib/hw1
[0.469s] Installing partc_sub_all script to /root/ros2_ws/install/hw1/lib/hw1
[0.469s] writing list of installed files to '/root/ros2_ws/build/hw1/install.log'
[0.482s] Invoked command in '/root/ros2_ws/src/hw1' returned '0': PYTHONPATH=/root/ros2_ws/build/hw1/prefix_override:/root/ros2_ws/install/hw1/lib/python3.10/site-packages:${PYTHONPATH} /usr/bin/python3 setup.py egg_info --egg-base ../../build/hw1 build --build-base /root/ros2_ws/build/hw1/build install --record /root/ros2_ws/build/hw1/install.log --single-version-externally-managed
