[0.309s] Invoking command in '/root/ros2_ws/src/hw1': PYTHONPATH=/root/ros2_ws/build/hw1/prefix_override:/root/ros2_ws/install/hw1/lib/python3.10/site-packages:${PYTHONPATH} /usr/bin/python3 setup.py egg_info --egg-base ../../build/hw1 build --build-base /root/ros2_ws/build/hw1/build install --record /root/ros2_ws/build/hw1/install.log --single-version-externally-managed
[0.432s] running egg_info
[0.433s] writing ../../build/hw1/hw1.egg-info/PKG-INFO
[0.433s] writing dependency_links to ../../build/hw1/hw1.egg-info/dependency_links.txt
[0.433s] writing entry points to ../../build/hw1/hw1.egg-info/entry_points.txt
[0.433s] writing requirements to ../../build/hw1/hw1.egg-info/requires.txt
[0.433s] writing top-level names to ../../build/hw1/hw1.egg-info/top_level.txt
[0.434s] reading manifest file '../../build/hw1/hw1.egg-info/SOURCES.txt'
[0.434s] writing manifest file '../../build/hw1/hw1.egg-info/SOURCES.txt'
[0.434s] running build
[0.434s] running build_py
[0.434s] copying hw1/subscriber_member_function.py -> /root/ros2_ws/build/hw1/build/lib/hw1
[0.434s] running install
[0.435s] running install_lib
[0.435s] copying /root/ros2_ws/build/hw1/build/lib/hw1/subscriber_member_function.py -> /root/ros2_ws/install/hw1/lib/python3.10/site-packages/hw1
[0.435s] byte-compiling /root/ros2_ws/install/hw1/lib/python3.10/site-packages/hw1/subscriber_member_function.py to subscriber_member_function.cpython-310.pyc
[0.436s] running install_data
[0.436s] running install_egg_info
[0.437s] removing '/root/ros2_ws/install/hw1/lib/python3.10/site-packages/hw1-0.0.0-py3.10.egg-info' (and everything under it)
[0.437s] Copying ../../build/hw1/hw1.egg-info to /root/ros2_ws/install/hw1/lib/python3.10/site-packages/hw1-0.0.0-py3.10.egg-info
[0.437s] running install_scripts
[0.448s] Installing partb_listener script to /root/ros2_ws/install/hw1/lib/hw1
[0.449s] Installing partb_talker script to /root/ros2_ws/install/hw1/lib/hw1
[0.449s] writing list of installed files to '/root/ros2_ws/build/hw1/install.log'
[0.462s] Invoked command in '/root/ros2_ws/src/hw1' returned '0': PYTHONPATH=/root/ros2_ws/build/hw1/prefix_override:/root/ros2_ws/install/hw1/lib/python3.10/site-packages:${PYTHONPATH} /usr/bin/python3 setup.py egg_info --egg-base ../../build/hw1 build --build-base /root/ros2_ws/build/hw1/build install --record /root/ros2_ws/build/hw1/install.log --single-version-externally-managed
