running egg_info
creating ../../build/hw1/hw1.egg-info
writing ../../build/hw1/hw1.egg-info/PKG-INFO
writing dependency_links to ../../build/hw1/hw1.egg-info/dependency_links.txt
writing entry points to ../../build/hw1/hw1.egg-info/entry_points.txt
writing requirements to ../../build/hw1/hw1.egg-info/requires.txt
writing top-level names to ../../build/hw1/hw1.egg-info/top_level.txt
writing manifest file '../../build/hw1/hw1.egg-info/SOURCES.txt'
reading manifest file '../../build/hw1/hw1.egg-info/SOURCES.txt'
writing manifest file '../../build/hw1/hw1.egg-info/SOURCES.txt'
running build
running build_py
creating /root/ros2_ws/build/hw1/build
creating /root/ros2_ws/build/hw1/build/lib
creating /root/ros2_ws/build/hw1/build/lib/hw1
copying hw1/subscriber_member_function.py -> /root/ros2_ws/build/hw1/build/lib/hw1
copying hw1/publisher_member_function.py -> /root/ros2_ws/build/hw1/build/lib/hw1
copying hw1/__init__.py -> /root/ros2_ws/build/hw1/build/lib/hw1
running install
running install_lib
creating /root/ros2_ws/install/hw1/lib/python3.10/site-packages/hw1
copying /root/ros2_ws/build/hw1/build/lib/hw1/subscriber_member_function.py -> /root/ros2_ws/install/hw1/lib/python3.10/site-packages/hw1
copying /root/ros2_ws/build/hw1/build/lib/hw1/publisher_member_function.py -> /root/ros2_ws/install/hw1/lib/python3.10/site-packages/hw1
copying /root/ros2_ws/build/hw1/build/lib/hw1/__init__.py -> /root/ros2_ws/install/hw1/lib/python3.10/site-packages/hw1
byte-compiling /root/ros2_ws/install/hw1/lib/python3.10/site-packages/hw1/subscriber_member_function.py to subscriber_member_function.cpython-310.pyc
byte-compiling /root/ros2_ws/install/hw1/lib/python3.10/site-packages/hw1/publisher_member_function.py to publisher_member_function.cpython-310.pyc
byte-compiling /root/ros2_ws/install/hw1/lib/python3.10/site-packages/hw1/__init__.py to __init__.cpython-310.pyc
running install_data
creating /root/ros2_ws/install/hw1/share/ament_index
creating /root/ros2_ws/install/hw1/share/ament_index/resource_index
creating /root/ros2_ws/install/hw1/share/ament_index/resource_index/packages
copying resource/hw1 -> /root/ros2_ws/install/hw1/share/ament_index/resource_index/packages
copying package.xml -> /root/ros2_ws/install/hw1/share/hw1
running install_egg_info
Copying ../../build/hw1/hw1.egg-info to /root/ros2_ws/install/hw1/lib/python3.10/site-packages/hw1-0.0.0-py3.10.egg-info
running install_scripts
Installing partb_listener script to /root/ros2_ws/install/hw1/lib/hw1
Installing partb_talker script to /root/ros2_ws/install/hw1/lib/hw1
writing list of installed files to '/root/ros2_ws/build/hw1/install.log'
