[0.348s] Invoking command in '/root/ros2_ws/src/hw1': PYTHONPATH=/root/ros2_ws/build/hw1/prefix_override:/root/ros2_ws/install/hw1/lib/python3.10/site-packages:${PYTHONPATH} /usr/bin/python3 setup.py egg_info --egg-base ../../build/hw1 build --build-base /root/ros2_ws/build/hw1/build install --record /root/ros2_ws/build/hw1/install.log --single-version-externally-managed
[0.469s] running egg_info
[0.469s] creating ../../build/hw1/hw1.egg-info
[0.469s] writing ../../build/hw1/hw1.egg-info/PKG-INFO
[0.469s] writing dependency_links to ../../build/hw1/hw1.egg-info/dependency_links.txt
[0.469s] writing entry points to ../../build/hw1/hw1.egg-info/entry_points.txt
[0.469s] writing requirements to ../../build/hw1/hw1.egg-info/requires.txt
[0.469s] writing top-level names to ../../build/hw1/hw1.egg-info/top_level.txt
[0.469s] writing manifest file '../../build/hw1/hw1.egg-info/SOURCES.txt'
[0.470s] reading manifest file '../../build/hw1/hw1.egg-info/SOURCES.txt'
[0.470s] writing manifest file '../../build/hw1/hw1.egg-info/SOURCES.txt'
[0.471s] running build
[0.471s] running build_py
[0.471s] creating /root/ros2_ws/build/hw1/build
[0.471s] creating /root/ros2_ws/build/hw1/build/lib
[0.471s] creating /root/ros2_ws/build/hw1/build/lib/hw1
[0.471s] copying hw1/subscriber_member_function.py -> /root/ros2_ws/build/hw1/build/lib/hw1
[0.471s] copying hw1/publisher_member_function.py -> /root/ros2_ws/build/hw1/build/lib/hw1
[0.471s] copying hw1/__init__.py -> /root/ros2_ws/build/hw1/build/lib/hw1
[0.471s] running install
[0.471s] running install_lib
[0.471s] creating /root/ros2_ws/install/hw1/lib/python3.10/site-packages/hw1
[0.471s] copying /root/ros2_ws/build/hw1/build/lib/hw1/subscriber_member_function.py -> /root/ros2_ws/install/hw1/lib/python3.10/site-packages/hw1
[0.472s] copying /root/ros2_ws/build/hw1/build/lib/hw1/publisher_member_function.py -> /root/ros2_ws/install/hw1/lib/python3.10/site-packages/hw1
[0.472s] copying /root/ros2_ws/build/hw1/build/lib/hw1/__init__.py -> /root/ros2_ws/install/hw1/lib/python3.10/site-packages/hw1
[0.472s] byte-compiling /root/ros2_ws/install/hw1/lib/python3.10/site-packages/hw1/subscriber_member_function.py to subscriber_member_function.cpython-310.pyc
[0.472s] byte-compiling /root/ros2_ws/install/hw1/lib/python3.10/site-packages/hw1/publisher_member_function.py to publisher_member_function.cpython-310.pyc
[0.472s] byte-compiling /root/ros2_ws/install/hw1/lib/python3.10/site-packages/hw1/__init__.py to __init__.cpython-310.pyc
[0.472s] running install_data
[0.472s] creating /root/ros2_ws/install/hw1/share/ament_index
[0.472s] creating /root/ros2_ws/install/hw1/share/ament_index/resource_index
[0.472s] creating /root/ros2_ws/install/hw1/share/ament_index/resource_index/packages
[0.473s] copying resource/hw1 -> /root/ros2_ws/install/hw1/share/ament_index/resource_index/packages
[0.473s] copying package.xml -> /root/ros2_ws/install/hw1/share/hw1
[0.473s] running install_egg_info
[0.473s] Copying ../../build/hw1/hw1.egg-info to /root/ros2_ws/install/hw1/lib/python3.10/site-packages/hw1-0.0.0-py3.10.egg-info
[0.474s] running install_scripts
[0.485s] Installing partb_listener script to /root/ros2_ws/install/hw1/lib/hw1
[0.485s] Installing partb_talker script to /root/ros2_ws/install/hw1/lib/hw1
[0.485s] writing list of installed files to '/root/ros2_ws/build/hw1/install.log'
[0.498s] Invoked command in '/root/ros2_ws/src/hw1' returned '0': PYTHONPATH=/root/ros2_ws/build/hw1/prefix_override:/root/ros2_ws/install/hw1/lib/python3.10/site-packages:${PYTHONPATH} /usr/bin/python3 setup.py egg_info --egg-base ../../build/hw1 build --build-base /root/ros2_ws/build/hw1/build install --record /root/ros2_ws/build/hw1/install.log --single-version-externally-managed
