/root/ros2_ws/install/hw1/lib/python3.10/site-packages/hw1/subscriber_member_function.py
/root/ros2_ws/install/hw1/lib/python3.10/site-packages/hw1/subscriber_all.py
/root/ros2_ws/install/hw1/lib/python3.10/site-packages/hw1/publisher_member_function.py
/root/ros2_ws/install/hw1/lib/python3.10/site-packages/hw1/publisher_count.py
/root/ros2_ws/install/hw1/lib/python3.10/site-packages/hw1/__init__.py
/root/ros2_ws/install/hw1/lib/python3.10/site-packages/hw1/publisher_name.py
/root/ros2_ws/install/hw1/lib/python3.10/site-packages/hw1/draw_circle.py
/root/ros2_ws/install/hw1/lib/python3.10/site-packages/hw1/__pycache__/subscriber_member_function.cpython-310.pyc
/root/ros2_ws/install/hw1/lib/python3.10/site-packages/hw1/__pycache__/subscriber_all.cpython-310.pyc
/root/ros2_ws/install/hw1/lib/python3.10/site-packages/hw1/__pycache__/publisher_member_function.cpython-310.pyc
/root/ros2_ws/install/hw1/lib/python3.10/site-packages/hw1/__pycache__/publisher_count.cpython-310.pyc
/root/ros2_ws/install/hw1/lib/python3.10/site-packages/hw1/__pycache__/__init__.cpython-310.pyc
/root/ros2_ws/install/hw1/lib/python3.10/site-packages/hw1/__pycache__/publisher_name.cpython-310.pyc
/root/ros2_ws/install/hw1/lib/python3.10/site-packages/hw1/__pycache__/draw_circle.cpython-310.pyc
/root/ros2_ws/install/hw1/share/ament_index/resource_index/packages/hw1
/root/ros2_ws/install/hw1/share/hw1/package.xml
/root/ros2_ws/install/hw1/lib/python3.10/site-packages/hw1-0.0.0-py3.10.egg-info/dependency_links.txt
/root/ros2_ws/install/hw1/lib/python3.10/site-packages/hw1-0.0.0-py3.10.egg-info/SOURCES.txt
/root/ros2_ws/install/hw1/lib/python3.10/site-packages/hw1-0.0.0-py3.10.egg-info/zip-safe
/root/ros2_ws/install/hw1/lib/python3.10/site-packages/hw1-0.0.0-py3.10.egg-info/PKG-INFO
/root/ros2_ws/install/hw1/lib/python3.10/site-packages/hw1-0.0.0-py3.10.egg-info/top_level.txt
/root/ros2_ws/install/hw1/lib/python3.10/site-packages/hw1-0.0.0-py3.10.egg-info/entry_points.txt
/root/ros2_ws/install/hw1/lib/python3.10/site-packages/hw1-0.0.0-py3.10.egg-info/requires.txt
/root/ros2_ws/install/hw1/lib/hw1/parta_circle
/root/ros2_ws/install/hw1/lib/hw1/partb_listener
/root/ros2_ws/install/hw1/lib/hw1/partb_talker
/root/ros2_ws/install/hw1/lib/hw1/partc_pub_count
/root/ros2_ws/install/hw1/lib/hw1/partc_pub_name
/root/ros2_ws/install/hw1/lib/hw1/partc_sub_all
