running egg_info
writing ../../build/hw1/hw1.egg-info/PKG-INFO
writing dependency_links to ../../build/hw1/hw1.egg-info/dependency_links.txt
writing entry points to ../../build/hw1/hw1.egg-info/entry_points.txt
writing requirements to ../../build/hw1/hw1.egg-info/requires.txt
writing top-level names to ../../build/hw1/hw1.egg-info/top_level.txt
reading manifest file '../../build/hw1/hw1.egg-info/SOURCES.txt'
writing manifest file '../../build/hw1/hw1.egg-info/SOURCES.txt'
running build
running build_py
running install
running install_lib
running install_data
running install_egg_info
removing '/root/ros2_ws/install/hw1/lib/python3.10/site-packages/hw1-0.0.0-py3.10.egg-info' (and everything under it)
Copying ../../build/hw1/hw1.egg-info to /root/ros2_ws/install/hw1/lib/python3.10/site-packages/hw1-0.0.0-py3.10.egg-info
running install_scripts
Installing partb_listener script to /root/ros2_ws/install/hw1/lib/hw1
Installing partb_talker script to /root/ros2_ws/install/hw1/lib/hw1
writing list of installed files to '/root/ros2_ws/build/hw1/install.log'
